{
  "stats": {
    "suites": 1,
    "tests": 10,
    "passes": 7,
    "pending": 0,
    "failures": 3,
    "start": "2021-11-14T14:05:47.290Z",
    "end": "2021-11-14T14:06:11.635Z",
    "duration": 24345,
    "testsRegistered": 10,
    "passPercent": 70,
    "pendingPercent": 0,
    "other": 0,
    "hasOther": false,
    "skipped": 0,
    "hasSkipped": false
  },
  "results": [
    {
      "uuid": "751facc5-23e9-4382-a657-a54f68d547f2",
      "title": "",
      "fullFile": "cypress/integration/loginTest_spec.js",
      "file": "cypress/integration/loginTest_spec.js",
      "beforeHooks": [],
      "afterHooks": [],
      "tests": [],
      "suites": [
        {
          "uuid": "b10f08da-7b93-4c50-b8bf-99aeaa4f333a",
          "title": "Log in",
          "fullFile": "",
          "file": "",
          "beforeHooks": [],
          "afterHooks": [],
          "tests": [
            {
              "title": "Should render username field",
              "fullTitle": "Log in Should render username field",
              "timedOut": null,
              "duration": 2085,
              "state": "passed",
              "speed": "fast",
              "pass": true,
              "fail": false,
              "pending": false,
              "context": null,
              "code": "loginPage.userNameField().type(_users.default.username).should(\"be.visible\");",
              "err": {},
              "uuid": "89b211cf-9d59-4ba6-b987-fd76407e7cef",
              "parentUUID": "b10f08da-7b93-4c50-b8bf-99aeaa4f333a",
              "isHook": false,
              "skipped": false
            },
            {
              "title": "Should render password field",
              "fullTitle": "Log in Should render password field",
              "timedOut": null,
              "duration": 847,
              "state": "passed",
              "speed": "fast",
              "pass": true,
              "fail": false,
              "pending": false,
              "context": null,
              "code": "loginPage.userPasswordField().type(_users.default.password).should(\"be.visible\");",
              "err": {},
              "uuid": "d03ff101-4fb5-46bf-b02d-3c8ea1a0b624",
              "parentUUID": "b10f08da-7b93-4c50-b8bf-99aeaa4f333a",
              "isHook": false,
              "skipped": false
            },
            {
              "title": "Should render submit button",
              "fullTitle": "Log in Should render submit button",
              "timedOut": null,
              "duration": 189,
              "state": "passed",
              "speed": "fast",
              "pass": true,
              "fail": false,
              "pending": false,
              "context": null,
              "code": "loginPage.submitBtn().should(\"be.visible\");",
              "err": {},
              "uuid": "added934-23d0-45d2-8ccf-96f65fdd2561",
              "parentUUID": "b10f08da-7b93-4c50-b8bf-99aeaa4f333a",
              "isHook": false,
              "skipped": false
            },
            {
              "title": "Check that appropriate error massage appear if log in with invalid credetials",
              "fullTitle": "Log in Check that appropriate error massage appear if log in with invalid credetials",
              "timedOut": null,
              "duration": 1454,
              "state": "passed",
              "speed": "fast",
              "pass": true,
              "fail": false,
              "pending": false,
              "context": null,
              "code": "cy.fixture('users.json').as('users');\ncy.fixture('errorMesText.json').as('errorMesText');\nloginPage.userNameField().type(_users.default.username);\nloginPage.userPasswordField().type(_users.default.password);\nloginPage.submitBtn().click();\nloginPage.userNameErrorMass().should($massage => {\n  expect($massage.text()).to.eq(_errorMesText.default.errorInvCredentials);\n});",
              "err": {},
              "uuid": "a70399f2-7bed-4f34-a259-71123c4806b2",
              "parentUUID": "b10f08da-7b93-4c50-b8bf-99aeaa4f333a",
              "isHook": false,
              "skipped": false
            },
            {
              "title": "Check that appropriate error massage appear if login with empty password field",
              "fullTitle": "Log in Check that appropriate error massage appear if login with empty password field",
              "timedOut": null,
              "duration": 503,
              "state": "passed",
              "speed": "fast",
              "pass": true,
              "fail": false,
              "pending": false,
              "context": null,
              "code": "loginPage.userNameField().type(_users.default.username);\nloginPage.submitBtn().click();\nloginPage.passwordNotEnteredErrorMass().should($massage => {\n  expect($massage.text()).to.eq(_errorMesText.default.passwordErrorMesText);\n});",
              "err": {},
              "uuid": "9e0445d3-b523-442b-86fc-e44082ef6ae1",
              "parentUUID": "b10f08da-7b93-4c50-b8bf-99aeaa4f333a",
              "isHook": false,
              "skipped": false
            },
            {
              "title": "Check that appropriate error massage appear if login with password and empty username field",
              "fullTitle": "Log in Check that appropriate error massage appear if login with password and empty username field",
              "timedOut": null,
              "duration": 742,
              "state": "passed",
              "speed": "fast",
              "pass": true,
              "fail": false,
              "pending": false,
              "context": null,
              "code": "loginPage.userPasswordField().type(_users.default.password);\nloginPage.submitBtn().click();\nloginPage.userNameErrorMass().should($massage => {\n  expect($massage.text()).to.eq(_errorMesText.default.usernameErrorMesText);\n});",
              "err": {},
              "uuid": "4da126a8-e5a0-420e-8682-126704a2133a",
              "parentUUID": "b10f08da-7b93-4c50-b8bf-99aeaa4f333a",
              "isHook": false,
              "skipped": false
            },
            {
              "title": "Check that appropriate error massage appear if login with empty password and username fields",
              "fullTitle": "Log in Check that appropriate error massage appear if login with empty password and username fields",
              "timedOut": null,
              "duration": 341,
              "state": "passed",
              "speed": "fast",
              "pass": true,
              "fail": false,
              "pending": false,
              "context": null,
              "code": "loginPage.submitBtn().click();\nloginPage.userNameErrorMass().should($massage => {\n  expect($massage.text()).to.eq(_errorMesText.default.usernameErrorMesText);\n});\nloginPage.passwordNotEnteredErrorMass().should($massage => {\n  expect($massage.text()).to.eq(_errorMesText.default.passwordErrorMesText);\n});",
              "err": {},
              "uuid": "b8b1bc49-75bb-44bc-a9eb-b617bc4952cc",
              "parentUUID": "b10f08da-7b93-4c50-b8bf-99aeaa4f333a",
              "isHook": false,
              "skipped": false
            },
            {
              "title": "Сheck the success of registration with the correct data of the authorized user",
              "fullTitle": "Log in Сheck the success of registration with the correct data of the authorized user",
              "timedOut": null,
              "duration": 5303,
              "state": "failed",
              "speed": null,
              "pass": false,
              "fail": true,
              "pending": false,
              "context": null,
              "code": "loginPage.userNameField().type(_users.default.authorizedUser.username);\nloginPage.userPasswordField().type(_users.default.authorizedUser.password);\nloginPage.submitBtn().click();\ncy.url().should('eq', 'newUrl');",
              "err": {
                "message": "AssertionError: Timed out retrying after 4000ms: expected 'https://www.pecodesoftware.com/qa-portal/registerlogin/registerlogin.php' to equal 'newUrl'",
                "estack": "AssertionError: Timed out retrying after 4000ms: expected 'https://www.pecodesoftware.com/qa-portal/registerlogin/registerlogin.php' to equal 'newUrl'\n    at Context.eval (https://www.pecodesoftware.com/__cypress/tests?p=cypress\\integration\\loginTest_spec.js:231:14)",
                "diff": "- 'https://www.pecodesoftware.com/qa-portal/registerlogin/registerlogin.php'\n+ 'newUrl'\n"
              },
              "uuid": "e89601b4-3d97-418f-8339-a16f24e96946",
              "parentUUID": "b10f08da-7b93-4c50-b8bf-99aeaa4f333a",
              "isHook": false,
              "skipped": false
            },
            {
              "title": "Сhecks for an error warning when entering more than the allowable number of characters in the username field",
              "fullTitle": "Log in Сhecks for an error warning when entering more than the allowable number of characters in the username field",
              "timedOut": null,
              "duration": 7582,
              "state": "failed",
              "speed": null,
              "pass": false,
              "fail": true,
              "pending": false,
              "context": null,
              "code": "loginPage.userNameField().type(_users.default.incorrectDataUser.username);\nloginPage.userPasswordField().type(_users.default.password);\nloginPage.submitBtn().click();\nloginPage.userNameErrorMass().should($massage => {\n  expect($massage.text()).to.eq(\"Username must be between 3 to 128 characters\");\n});",
              "err": {
                "message": "AssertionError: Timed out retrying after 4000ms: expected 'No account found with that username.' to equal 'Username must be between 3 to 128 characters'",
                "estack": "AssertionError: Timed out retrying after 4000ms: expected 'No account found with that username.' to equal 'Username must be between 3 to 128 characters'\n    at Context.eval (https://www.pecodesoftware.com/__cypress/tests?p=cypress\\integration\\loginTest_spec.js:237:35)",
                "diff": "- 'No account found with that username.'\n+ 'Username must be between 3 to 128 characters'\n"
              },
              "uuid": "f7e2c466-7d59-41b0-9e99-9d1ef3c037c9",
              "parentUUID": "b10f08da-7b93-4c50-b8bf-99aeaa4f333a",
              "isHook": false,
              "skipped": false
            },
            {
              "title": "Check for error when entering an invalid password",
              "fullTitle": "Log in Check for error when entering an invalid password",
              "timedOut": null,
              "duration": 5030,
              "state": "failed",
              "speed": null,
              "pass": false,
              "fail": true,
              "pending": false,
              "context": null,
              "code": "loginPage.userNameField().type(_users.default.username);\nloginPage.userPasswordField().type(_users.default.incorrectDataUser.password);\nloginPage.submitBtn().click();\nloginPage.userNameErrorMass().should($massage => {\n  expect($massage.text()).to.eq(\"The password must be at least 6 characters\");\n});",
              "err": {
                "message": "AssertionError: Timed out retrying after 4000ms: expected 'No account found with that username.' to equal 'The password must be at least 6 characters'",
                "estack": "AssertionError: Timed out retrying after 4000ms: expected 'No account found with that username.' to equal 'The password must be at least 6 characters'\n    at Context.eval (https://www.pecodesoftware.com/__cypress/tests?p=cypress\\integration\\loginTest_spec.js:245:35)",
                "diff": "- 'No account found with that username.'\n+ 'The password must be at least 6 characters'\n"
              },
              "uuid": "4181fcaa-4daa-473e-b235-0cc905a360a0",
              "parentUUID": "b10f08da-7b93-4c50-b8bf-99aeaa4f333a",
              "isHook": false,
              "skipped": false
            }
          ],
          "suites": [],
          "passes": [
            "89b211cf-9d59-4ba6-b987-fd76407e7cef",
            "d03ff101-4fb5-46bf-b02d-3c8ea1a0b624",
            "added934-23d0-45d2-8ccf-96f65fdd2561",
            "a70399f2-7bed-4f34-a259-71123c4806b2",
            "9e0445d3-b523-442b-86fc-e44082ef6ae1",
            "4da126a8-e5a0-420e-8682-126704a2133a",
            "b8b1bc49-75bb-44bc-a9eb-b617bc4952cc"
          ],
          "failures": [
            "e89601b4-3d97-418f-8339-a16f24e96946",
            "f7e2c466-7d59-41b0-9e99-9d1ef3c037c9",
            "4181fcaa-4daa-473e-b235-0cc905a360a0"
          ],
          "pending": [],
          "skipped": [],
          "duration": 24076,
          "root": false,
          "rootEmpty": false,
          "_timeout": 2000
        }
      ],
      "passes": [],
      "failures": [],
      "pending": [],
      "skipped": [],
      "duration": 0,
      "root": true,
      "rootEmpty": true,
      "_timeout": 2000
    }
  ],
  "meta": {
    "mocha": {
      "version": "7.0.1"
    },
    "mochawesome": {
      "options": {
        "quiet": false,
        "reportFilename": "mochawesome",
        "saveHtml": true,
        "saveJson": true,
        "consoleReporter": "spec",
        "useInlineDiffs": false,
        "code": true
      },
      "version": "7.0.1"
    },
    "marge": {
      "options": {
        "id": "default"
      },
      "version": "6.0.1"
    }
  }
}